2026.05.11 17:41:02 INFO  Started: Metals version 1.6.7 in folders '/Users/admin/anul 3/sem2/web programing/wad_lab7/WAD-Lab7-main' for client Visual Studio Code 1.119.0.
2026.05.11 17:41:02 INFO  Memory monitor started
2026.05.11 17:41:02 WARN  Using H2 2.4.240 which is newer than the version Flyway has been verified with. The latest verified version of H2 is 2.3.232.
2026.05.11 17:42:55 INFO  no build target found for /Users/admin/anul 3/sem2/web programing/wad_lab7/WAD-Lab7-main/src/test/java/com/upb/lab7_wad/Lab7Test.java. Using fallback presentation compiler.
2026.05.11 17:42:55 WARN  no build target for: /Users/admin/anul 3/sem2/web programing/wad_lab7/WAD-Lab7-main/src/test/java/com/upb/lab7_wad/Lab7Test.java
2026.05.11 17:42:55 WARN  Running javac-semanticdb failed for file:///Users/admin/anul%203/sem2/web%20programing/wad_lab7/WAD-Lab7-main/src/test/java/com/upb/lab7_wad/Lab7Test.java. Output:

2026.05.11 17:44:00 INFO  no build target found for /Users/admin/anul 3/sem2/web programing/wad_lab7/WAD-Lab7-main/src/test/java/com/upb/lab7_wad/Lab7WadApplicationTests.java. Using fallback presentation compiler.
May 11, 2026 6:02:48 PM org.eclipse.lsp4j.jsonrpc.services.GenericEndpoint notify
INFO: Unsupported notification method: $/setTrace
2026.05.11 18:07:27 WARN  Running javac-semanticdb failed for file:///Users/admin/anul%203/sem2/web%20programing/wad_lab7/WAD-Lab7-main/src/test/java/com/upb/lab7_wad/Lab7WadApplicationTests.java. Output:

2026.05.11 18:07:27 INFO  no build target found for /Users/admin/anul 3/sem2/web programing/wad_lab7/WAD-Lab7-main/src/test/java/com/upb/lab7_wad/Lab7WadApplicationTests.java. Using fallback presentation compiler.
2026.05.11 18:07:27 INFO  no build target found for /Users/admin/anul 3/sem2/web programing/wad_lab7/WAD-Lab7-main/src/test/java/com/upb/lab7_wad/Lab7WadApplicationTests.java. Using fallback presentation compiler.
2026.05.11 18:07:27 WARN  Running javac-semanticdb failed for file:///Users/admin/anul%203/sem2/web%20programing/wad_lab7/WAD-Lab7-main/src/test/java/com/upb/lab7_wad/Lab7WadApplicationTests.java. Output:

2026.05.11 18:07:27 INFO  no build target found for /Users/admin/anul 3/sem2/web programing/wad_lab7/WAD-Lab7-main/src/test/java/com/upb/lab7_wad/Lab7WadApplicationTests.java. Using fallback presentation compiler.
2026.05.11 18:07:27 INFO  no build target found for /Users/admin/anul 3/sem2/web programing/wad_lab7/WAD-Lab7-main/src/test/java/com/upb/lab7_wad/Lab7WadApplicationTests.java. Using fallback presentation compiler.
2026.05.11 18:08:38 INFO  no build target found for /Users/admin/anul 3/sem2/web programing/wad_lab7/WAD-Lab7-main/src/test/java/com/upb/lab7_wad/Lab7Test.java. Using fallback presentation compiler.
2026.05.11 18:08:38 WARN  no build target for: /Users/admin/anul 3/sem2/web programing/wad_lab7/WAD-Lab7-main/src/test/java/com/upb/lab7_wad/Lab7Test.java
May 11, 2026 6:08:38 PM org.eclipse.lsp4j.jsonrpc.RemoteEndpoint handleCancellation
WARNING: Unmatched cancel notification for request id 4
2026.05.11 18:08:38 INFO  no build target found for /Users/admin/anul 3/sem2/web programing/wad_lab7/WAD-Lab7-main/src/test/java/com/upb/lab7_wad/Lab7Test.java. Using fallback presentation compiler.
2026.05.11 18:08:38 INFO  no build target found for /Users/admin/anul 3/sem2/web programing/wad_lab7/WAD-Lab7-main/src/test/java/com/upb/lab7_wad/Lab7Test.java. Using fallback presentation compiler.
2026.05.11 18:08:42 INFO  no build target found for /Users/admin/anul 3/sem2/web programing/wad_lab7/WAD-Lab7-main/src/test/java/com/upb/lab7_wad/Lab7WadApplicationTests.java. Using fallback presentation compiler.
2026.05.11 18:08:42 INFO  no build target found for /Users/admin/anul 3/sem2/web programing/wad_lab7/WAD-Lab7-main/src/test/java/com/upb/lab7_wad/Lab7WadApplicationTests.java. Using fallback presentation compiler.
2026.05.11 18:08:42 INFO  no build target found for /Users/admin/anul 3/sem2/web programing/wad_lab7/WAD-Lab7-main/src/test/java/com/upb/lab7_wad/Lab7WadApplicationTests.java. Using fallback presentation compiler.
2026.05.11 18:08:43 INFO  no build target found for /Users/admin/anul 3/sem2/web programing/wad_lab7/WAD-Lab7-main/src/test/java/com/upb/lab7_wad/Lab7WadApplicationTests.java. Using fallback presentation compiler.
2026.05.11 18:08:43 INFO  no build target found for /Users/admin/anul 3/sem2/web programing/wad_lab7/WAD-Lab7-main/src/test/java/com/upb/lab7_wad/Lab7Test.java. Using fallback presentation compiler.
2026.05.11 18:08:44 WARN  no build target for: /Users/admin/anul 3/sem2/web programing/wad_lab7/WAD-Lab7-main/src/test/java/com/upb/lab7_wad/Lab7Test.java
2026.05.11 18:08:43 INFO  no build target found for /Users/admin/anul 3/sem2/web programing/wad_lab7/WAD-Lab7-main/src/test/java/com/upb/lab7_wad/Lab7Test.java. Using fallback presentation compiler.
2026.05.11 18:08:44 INFO  no build target found for /Users/admin/anul 3/sem2/web programing/wad_lab7/WAD-Lab7-main/src/test/java/com/upb/lab7_wad/Lab7Test.java. Using fallback presentation compiler.
2026.05.11 18:08:46 INFO  no build target found for /Users/admin/anul 3/sem2/web programing/wad_lab7/WAD-Lab7-main/src/main/java/com/upb/lab7_wad/Lab7WadApplication.java. Using fallback presentation compiler.
2026.05.11 18:08:47 INFO  no build target found for /Users/admin/anul 3/sem2/web programing/wad_lab7/WAD-Lab7-main/src/main/java/com/upb/lab7_wad/Lab7WadApplication.java. Using fallback presentation compiler.
2026.05.11 18:08:46 INFO  no build target found for /Users/admin/anul 3/sem2/web programing/wad_lab7/WAD-Lab7-main/src/main/java/com/upb/lab7_wad/Lab7WadApplication.java. Using fallback presentation compiler.
2026.05.11 18:08:57 INFO  no build target found for /Users/admin/anul 3/sem2/web programing/wad_lab7/WAD-Lab7-main/src/main/java/com/upb/lab7_wad/Lab7WadApplication.java. Using fallback presentation compiler.
2026.05.11 18:09:54 INFO  no build target found for /Users/admin/anul 3/sem2/web programing/wad_lab7/WAD-Lab7-main/src/test/java/com/upb/lab7_wad/Lab7Test.java. Using fallback presentation compiler.
2026.05.11 18:09:54 WARN  no build target for: /Users/admin/anul 3/sem2/web programing/wad_lab7/WAD-Lab7-main/src/test/java/com/upb/lab7_wad/Lab7Test.java
2026.05.11 18:09:54 INFO  no build target found for /Users/admin/anul 3/sem2/web programing/wad_lab7/WAD-Lab7-main/src/test/java/com/upb/lab7_wad/Lab7Test.java. Using fallback presentation compiler.
2026.05.11 18:09:54 INFO  no build target found for /Users/admin/anul 3/sem2/web programing/wad_lab7/WAD-Lab7-main/src/test/java/com/upb/lab7_wad/Lab7Test.java. Using fallback presentation compiler.
2026.05.11 18:09:54 INFO  no build target found for /Users/admin/anul 3/sem2/web programing/wad_lab7/WAD-Lab7-main/src/test/java/com/upb/lab7_wad/Lab7Test.java. Using fallback presentation compiler.
2026.05.11 18:10:01 INFO  no build target found for /Users/admin/anul 3/sem2/web programing/wad_lab7/WAD-Lab7-main/src/test/java/com/upb/lab7_wad/Lab7Test.java. Using fallback presentation compiler.
2026.05.11 18:10:01 INFO  no build target found for /Users/admin/anul 3/sem2/web programing/wad_lab7/WAD-Lab7-main/src/test/java/com/upb/lab7_wad/Lab7Test.java. Using fallback presentation compiler.
2026.05.11 18:10:02 WARN  no build target for: /Users/admin/anul 3/sem2/web programing/wad_lab7/WAD-Lab7-main/src/test/java/com/upb/lab7_wad/Lab7Test.java
2026.05.11 18:10:02 INFO  no build target found for /Users/admin/anul 3/sem2/web programing/wad_lab7/WAD-Lab7-main/src/test/java/com/upb/lab7_wad/Lab7Test.java. Using fallback presentation compiler.
2026.05.11 18:10:02 WARN  Running javac-semanticdb failed for file:///Users/admin/anul%203/sem2/web%20programing/wad_lab7/WAD-Lab7-main/src/test/java/com/upb/lab7_wad/Lab7Test.java. Output:

2026.05.11 18:10:04 INFO  no build target found for /Users/admin/anul 3/sem2/web programing/wad_lab7/WAD-Lab7-main/src/test/java/com/upb/lab7_wad/Lab7Test.java. Using fallback presentation compiler.
2026.05.11 18:10:04 WARN  no build target for: /Users/admin/anul 3/sem2/web programing/wad_lab7/WAD-Lab7-main/src/test/java/com/upb/lab7_wad/Lab7Test.java
2026.05.11 18:10:04 WARN  Running javac-semanticdb failed for file:///Users/admin/anul%203/sem2/web%20programing/wad_lab7/WAD-Lab7-main/src/test/java/com/upb/lab7_wad/Lab7Test.java. Output:

2026.05.11 18:10:14 INFO  no build target found for /Users/admin/anul 3/sem2/web programing/wad_lab7/WAD-Lab7-main/src/test/java/com/upb/lab7_wad/Lab7Test.java. Using fallback presentation compiler.
2026.05.11 18:10:14 WARN  no build target for: /Users/admin/anul 3/sem2/web programing/wad_lab7/WAD-Lab7-main/src/test/java/com/upb/lab7_wad/Lab7Test.java
2026.05.11 18:10:14 INFO  no build target found for /Users/admin/anul 3/sem2/web programing/wad_lab7/WAD-Lab7-main/src/test/java/com/upb/lab7_wad/Lab7Test.java. Using fallback presentation compiler.
2026.05.11 18:11:21 WARN  Running javac-semanticdb failed for file:///Users/admin/anul%203/sem2/web%20programing/wad_lab7/WAD-Lab7-main/src/test/java/com/upb/lab7_wad/Lab7WadApplicationTests.java. Output:

2026.05.11 18:11:21 INFO  no build target found for /Users/admin/anul 3/sem2/web programing/wad_lab7/WAD-Lab7-main/src/test/java/com/upb/lab7_wad/Lab7WadApplicationTests.java. Using fallback presentation compiler.
2026.05.11 18:11:21 INFO  no build target found for /Users/admin/anul 3/sem2/web programing/wad_lab7/WAD-Lab7-main/src/test/java/com/upb/lab7_wad/Lab7WadApplicationTests.java. Using fallback presentation compiler.
2026.05.11 18:11:21 WARN  Running javac-semanticdb failed for file:///Users/admin/anul%203/sem2/web%20programing/wad_lab7/WAD-Lab7-main/src/test/java/com/upb/lab7_wad/Lab7WadApplicationTests.java. Output:

2026.05.11 18:11:21 INFO  no build target found for /Users/admin/anul 3/sem2/web programing/wad_lab7/WAD-Lab7-main/src/test/java/com/upb/lab7_wad/Lab7WadApplicationTests.java. Using fallback presentation compiler.
2026.05.11 18:11:21 INFO  no build target found for /Users/admin/anul 3/sem2/web programing/wad_lab7/WAD-Lab7-main/src/test/java/com/upb/lab7_wad/Lab7WadApplicationTests.java. Using fallback presentation compiler.
2026.05.11 18:11:42 WARN  Running javac-semanticdb failed for file:///Users/admin/anul%203/sem2/web%20programing/wad_lab7/WAD-Lab7-main/src/test/java/com/upb/lab7_wad/Lab7WadApplicationTests.java. Output:

2026.05.11 18:11:42 INFO  no build target found for /Users/admin/anul 3/sem2/web programing/wad_lab7/WAD-Lab7-main/src/test/java/com/upb/lab7_wad/Lab7WadApplicationTests.java. Using fallback presentation compiler.
2026.05.11 18:11:42 INFO  no build target found for /Users/admin/anul 3/sem2/web programing/wad_lab7/WAD-Lab7-main/src/test/java/com/upb/lab7_wad/Lab7WadApplicationTests.java. Using fallback presentation compiler.
2026.05.11 18:12:20 WARN  Running javac-semanticdb failed for file:///Users/admin/anul%203/sem2/web%20programing/wad_lab7/WAD-Lab7-main/src/test/java/com/upb/lab7_wad/Lab7WadApplicationTests.java. Output:

2026.05.11 18:12:20 INFO  no build target found for /Users/admin/anul 3/sem2/web programing/wad_lab7/WAD-Lab7-main/src/test/java/com/upb/lab7_wad/Lab7WadApplicationTests.java. Using fallback presentation compiler.
2026.05.11 18:12:20 INFO  no build target found for /Users/admin/anul 3/sem2/web programing/wad_lab7/WAD-Lab7-main/src/test/java/com/upb/lab7_wad/Lab7WadApplicationTests.java. Using fallback presentation compiler.
