2026.05.11 17:30:14 INFO  Started: Metals version 1.6.7 in folders '/Users/admin/anul 3/sem2/web programing/wad_lab7' for client Visual Studio Code 1.119.0.
2026.05.11 17:30:14 INFO  Memory monitor started
2026.05.11 17:30:14 WARN  Using H2 2.4.240 which is newer than the version Flyway has been verified with. The latest verified version of H2 is 2.3.232.
2026.05.11 17:30:40 INFO  no build target found for /Users/admin/anul 3/sem2/web programing/wad_lab7/WAD-Lab7-main/src/test/java/com/upb/lab7_wad/Lab7Test.java. Using fallback presentation compiler.
2026.05.11 17:30:40 WARN  no build target for: /Users/admin/anul 3/sem2/web programing/wad_lab7/WAD-Lab7-main/src/test/java/com/upb/lab7_wad/Lab7Test.java
2026.05.11 17:30:41 WARN  Running javac-semanticdb failed for file:///Users/admin/anul%203/sem2/web%20programing/wad_lab7/WAD-Lab7-main/src/test/java/com/upb/lab7_wad/Lab7Test.java. Output:

2026.05.11 17:33:13 INFO  no build target found for /Users/admin/anul 3/sem2/web programing/wad_lab7/WAD-Lab7-main/src/main/java/com/upb/lab7_wad/Lab7WadApplication.java. Using fallback presentation compiler.
2026.05.11 17:33:13 INFO  no build target found for /Users/admin/anul 3/sem2/web programing/wad_lab7/WAD-Lab7-main/src/test/java/com/upb/lab7_wad/Lab7WadApplicationTests.java. Using fallback presentation compiler.
2026.05.11 17:37:07 INFO  no build target found for /Users/admin/anul 3/sem2/web programing/wad_lab7/WAD-Lab7-main/src/test/java/com/upb/lab7_wad/Lab7Test.java. Using fallback presentation compiler.
2026.05.11 17:37:07 WARN  no build target for: /Users/admin/anul 3/sem2/web programing/wad_lab7/WAD-Lab7-main/src/test/java/com/upb/lab7_wad/Lab7Test.java
2026.05.11 17:37:07 WARN  Running javac-semanticdb failed for file:///Users/admin/anul%203/sem2/web%20programing/wad_lab7/WAD-Lab7-main/src/test/java/com/upb/lab7_wad/Lab7Test.java. Output:

2026.05.11 17:37:23 INFO  Shutting down server
2026.05.11 17:37:23 INFO  Memory monitor stopped
2026.05.11 17:37:23 INFO  shutting down Metals
2026.05.11 17:37:23 INFO  Exiting server
2026.05.11 17:37:23 ERROR Unexpected error initializing server: 
org.eclipse.lsp4j.jsonrpc.ResponseErrorException: Request window/showMessageRequest failed with message: Canceled
	at org.eclipse.lsp4j.jsonrpc.RemoteEndpoint.handleResponse(RemoteEndpoint.java:214)
	at org.eclipse.lsp4j.jsonrpc.RemoteEndpoint.consume(RemoteEndpoint.java:198)
	at org.eclipse.lsp4j.jsonrpc.json.StreamMessageProducer.handleMessage(StreamMessageProducer.java:189)
	at org.eclipse.lsp4j.jsonrpc.json.StreamMessageProducer.listen(StreamMessageProducer.java:97)
	at org.eclipse.lsp4j.jsonrpc.json.ConcurrentMessageProcessor.run(ConcurrentMessageProcessor.java:97)
	at java.util.concurrent.Executors$RunnableAdapter.call(Executors.java:545)
	at java.util.concurrent.FutureTask.run(FutureTask.java:328)
	at java.util.concurrent.ThreadPoolExecutor.runWorker(ThreadPoolExecutor.java:1090)
	at java.util.concurrent.ThreadPoolExecutor$Worker.run(ThreadPoolExecutor.java:614)
	at java.lang.Thread.run(Thread.java:1474)

